<?xml version="1.0" encoding="UTF-8"?>
<testng-results skipped="0" failed="0" ignored="0" total="1" passed="1">
  <reporter-output>
  </reporter-output>
  <suite name="Suite" duration-ms="69692" started-at="2018-06-24T06:20:54Z" finished-at="2018-06-24T06:22:04Z">
    <groups>
    </groups>
    <test name="Test" duration-ms="69692" started-at="2018-06-24T06:20:54Z" finished-at="2018-06-24T06:22:04Z">
      <class name="commonFunctions.Testing">
        <test-method status="PASS" signature="test()[pri:0, instance:commonFunctions.Testing@646007f4]" name="test" duration-ms="67840" started-at="2018-06-24T06:20:54Z" finished-at="2018-06-24T06:22:02Z">
          <reporter-output>
          </reporter-output>
        </test-method> <!-- test -->
        <test-method status="PASS" signature="close()[pri:0, instance:commonFunctions.Testing@646007f4]" name="close" is-config="true" duration-ms="1827" started-at="2018-06-24T06:22:02Z" finished-at="2018-06-24T06:22:04Z">
          <reporter-output>
          </reporter-output>
        </test-method> <!-- close -->
      </class> <!-- commonFunctions.Testing -->
    </test> <!-- Test -->
  </suite> <!-- Suite -->
</testng-results>
